Starting tests at: Mon Dec 15 21:06:29 -03 2025

test_address_converter_loads (test_api_integration.TestAPIIntegration.test_address_converter_loads)
Test address converter page loads. ... ok
test_01_index_page_loads (test_geolocation_flow.TestGeolocationFlow.test_01_index_page_loads)
Test that index page loads successfully. ... ERROR
test_02_geolocation_permission_request (test_geolocation_flow.TestGeolocationFlow.test_02_geolocation_permission_request)
Test that geolocation permission is requested. ... ERROR
test_03_coordinates_display (test_geolocation_flow.TestGeolocationFlow.test_03_coordinates_display)
Test that coordinates are displayed after location acquisition. ... ERROR
test_04_address_converter_page (test_geolocation_flow.TestGeolocationFlow.test_04_address_converter_page)
Test address converter page functionality. ... ok
test_page_load_time (test_performance.TestPerformance.test_page_load_time)
Test page loads within acceptable time. ... ok
test_page_navigation (test_user_workflows.TestUserWorkflows.test_page_navigation)
Test basic page navigation. ... ok

======================================================================
ERROR: test_01_index_page_loads (test_geolocation_flow.TestGeolocationFlow.test_01_index_page_loads)
Test that index page loads successfully.
----------------------------------------------------------------------
Traceback (most recent call last):
  File "/home/mpb/Documents/GitHub/guia_turistico/tests/integration/test_geolocation_flow.py", line 55, in test_01_index_page_loads
    get_location_btn = self.wait.until(
        EC.presence_of_element_located((By.ID, "getLocationBtn"))
    )
  File "/home/mpb/Documents/GitHub/guia_turistico/tests/integration/venv/lib/python3.13/site-packages/selenium/webdriver/support/wait.py", line 122, in until
    raise TimeoutException(message, screen, stacktrace)
selenium.common.exceptions.TimeoutException: Message: 
Stacktrace:
#0 0x5ee9edec719a <unknown>
#1 0x5ee9ed944c4b <unknown>
#2 0x5ee9ed996318 <unknown>
#3 0x5ee9ed996551 <unknown>
#4 0x5ee9ed9e4764 <unknown>
#5 0x5ee9ed9e1bee <unknown>
#6 0x5ee9ed988c42 <unknown>
#7 0x5ee9ed9898f1 <unknown>
#8 0x5ee9ede8ff39 <unknown>
#9 0x5ee9ede92e7d <unknown>
#10 0x5ee9ede78c81 <unknown>
#11 0x5ee9ede93a5b <unknown>
#12 0x5ee9ede5fa50 <unknown>
#13 0x5ee9edeb4aa8 <unknown>
#14 0x5ee9edeb4c79 <unknown>
#15 0x5ee9edec64f3 <unknown>
#16 0x7eeb3c8a3d64 <unknown>
#17 0x7eeb3c9373bc <unknown>


======================================================================
ERROR: test_02_geolocation_permission_request (test_geolocation_flow.TestGeolocationFlow.test_02_geolocation_permission_request)
Test that geolocation permission is requested.
----------------------------------------------------------------------
Traceback (most recent call last):
  File "/home/mpb/Documents/GitHub/guia_turistico/tests/integration/test_geolocation_flow.py", line 65, in test_02_geolocation_permission_request
    get_location_btn = self.wait.until(
        EC.element_to_be_clickable((By.ID, "getLocationBtn"))
    )
  File "/home/mpb/Documents/GitHub/guia_turistico/tests/integration/venv/lib/python3.13/site-packages/selenium/webdriver/support/wait.py", line 122, in until
    raise TimeoutException(message, screen, stacktrace)
selenium.common.exceptions.TimeoutException: Message: 
Stacktrace:
#0 0x5ee9edec719a <unknown>
#1 0x5ee9ed944c4b <unknown>
#2 0x5ee9ed996318 <unknown>
#3 0x5ee9ed996551 <unknown>
#4 0x5ee9ed9e4764 <unknown>
#5 0x5ee9ed9e1bee <unknown>
#6 0x5ee9ed988c42 <unknown>
#7 0x5ee9ed9898f1 <unknown>
#8 0x5ee9ede8ff39 <unknown>
#9 0x5ee9ede92e7d <unknown>
#10 0x5ee9ede78c81 <unknown>
#11 0x5ee9ede93a5b <unknown>
#12 0x5ee9ede5fa50 <unknown>
#13 0x5ee9edeb4aa8 <unknown>
#14 0x5ee9edeb4c79 <unknown>
#15 0x5ee9edec64f3 <unknown>
#16 0x7eeb3c8a3d64 <unknown>
#17 0x7eeb3c9373bc <unknown>


======================================================================
ERROR: test_03_coordinates_display (test_geolocation_flow.TestGeolocationFlow.test_03_coordinates_display)
Test that coordinates are displayed after location acquisition.
----------------------------------------------------------------------
Traceback (most recent call last):
  File "/home/mpb/Documents/GitHub/guia_turistico/tests/integration/test_geolocation_flow.py", line 82, in test_03_coordinates_display
    get_location_btn = self.wait.until(
        EC.element_to_be_clickable((By.ID, "getLocationBtn"))
    )
  File "/home/mpb/Documents/GitHub/guia_turistico/tests/integration/venv/lib/python3.13/site-packages/selenium/webdriver/support/wait.py", line 122, in until
    raise TimeoutException(message, screen, stacktrace)
selenium.common.exceptions.TimeoutException: Message: 
Stacktrace:
#0 0x5ee9edec719a <unknown>
#1 0x5ee9ed944c4b <unknown>
#2 0x5ee9ed996318 <unknown>
#3 0x5ee9ed996551 <unknown>
#4 0x5ee9ed9e4764 <unknown>
#5 0x5ee9ed9e1bee <unknown>
#6 0x5ee9ed988c42 <unknown>
#7 0x5ee9ed9898f1 <unknown>
#8 0x5ee9ede8ff39 <unknown>
#9 0x5ee9ede92e7d <unknown>
#10 0x5ee9ede78c81 <unknown>
#11 0x5ee9ede93a5b <unknown>
#12 0x5ee9ede5fa50 <unknown>
#13 0x5ee9edeb4aa8 <unknown>
#14 0x5ee9edeb4c79 <unknown>
#15 0x5ee9edec64f3 <unknown>
#16 0x7eeb3c8a3d64 <unknown>
#17 0x7eeb3c9373bc <unknown>


----------------------------------------------------------------------
Ran 7 tests in 49.216s

FAILED (errors=3)

All tests passed! âœ“
